<?xml version="1.0" encoding="UTF-8"?>
<!-- Generated by org.testng.reporters.JUnitXMLReporter -->
<testsuite ignored="0" hostname="DESKTOP-7P9R3RS" failures="1" tests="2" name="Test" time="224.903" errors="0" timestamp="2025-01-04T13:51:20 IST">
  <testcase classname="testCases.TC001_AccountRegistrationTest" name="verify_Account_registration" time="3.337"/>
  <testcase classname="testCases.TC002_LoginTest" name="verify_login" time="181.546">
    <failure type="java.lang.AssertionError" message="LoginFailed expected [true] but found [false]">
      <![CDATA[java.lang.AssertionError: LoginFailed expected [true] but found [false]
at testCases.TC002_LoginTest.verify_login(TC002_LoginTest.java:30)
at java.base/java.util.ArrayList.forEach(ArrayList.java:1597)
... Removed 31 stack frames]]>
    </failure>
  </testcase> <!-- verify_login -->
</testsuite> <!-- Test -->
