<?xml version="1.0" encoding="UTF-8"?>
<!-- Generated by org.testng.reporters.JUnitXMLReporter -->
<testsuite ignored="0" hostname="DESKTOP-7P9R3RS" failures="1" tests="1" name="Test(failed)" time="211.072" errors="0" timestamp="2025-01-01T15:07:08 IST">
  <testcase classname="testCases.TC002_LoginTest" name="verify_login" time="181.428">
    <failure type="java.lang.AssertionError" message="LoginFailed expected [true] but found [false]">
      <![CDATA[java.lang.AssertionError: LoginFailed expected [true] but found [false]
at testCases.TC002_LoginTest.verify_login(TC002_LoginTest.java:30)
at java.base/java.util.ArrayList.forEach(ArrayList.java:1597)
... Removed 31 stack frames]]>
    </failure>
  </testcase> <!-- verify_login -->
</testsuite> <!-- Test(failed) -->
